2019-08-01 13:57:48,750 [Thread-1:139750623639296]                       [django.server:124] [INFO]- "OPTIONS /api-token-auth/ HTTP/1.1" 200 0
2019-08-01 13:57:48,906 [Thread-3:139750623639296]                       [django.server:124] [INFO]- "POST /api-token-auth/ HTTP/1.1" 200 204
2019-08-01 13:57:49,339 [Thread-4:139750623639296]                       [django.server:124] [INFO]- "OPTIONS /api/v1/homedata/menu HTTP/1.1" 200 0
2019-08-01 13:57:49,359 [Thread-5:139750623639296]                       [django.server:124] [INFO]- "OPTIONS /api/v1/homedata/infocard HTTP/1.1" 200 0
2019-08-01 13:57:49,368 [Thread-6:139750623639296]                       [django.server:124] [INFO]- "OPTIONS /api/v1/homedata/todolist HTTP/1.1" 200 0
2019-08-01 13:57:49,376 [Thread-7:139750614984448]                       [django.server:124] [INFO]- "OPTIONS /api/v1/homedata/messages?username=admin HTTP/1.1" 200 0
2019-08-01 13:57:49,382 [Thread-8:139750623639296]                       [django.server:124] [INFO]- "OPTIONS /api/v1/homedata/pie HTTP/1.1" 200 0
2019-08-01 13:57:49,501 [Thread-9:139750614984448]                       [django.server:124] [INFO]- "GET /api/v1/homedata/menu HTTP/1.1" 200 190
2019-08-01 13:57:49,513 [Thread-10:139750623639296]                       [django.server:124] [INFO]- "PUT /api/v1/homedata/todolist HTTP/1.1" 200 2
2019-08-01 13:57:49,515 [Thread-12:139750597936896]                       [django.server:124] [INFO]- "GET /api/v1/homedata/messages?username=admin HTTP/1.1" 200 44
2019-08-01 13:57:49,533 [Thread-13:139750384072448]                       [django.server:124] [INFO]- "GET /api/v1/homedata/pie HTTP/1.1" 200 5
2019-08-01 13:57:49,536 [Thread-11:139750606329600]                       [django.server:124] [INFO]- "GET /api/v1/homedata/infocard HTTP/1.1" 200 9
2019-08-01 13:57:59,596 [Thread-14:139750606329600]                       [django.server:124] [INFO]- "OPTIONS /api/v1/workorder/connection HTTP/1.1" 200 0
2019-08-01 13:57:59,723 [Thread-15:139750606329600]                       [django.server:124] [ERROR]- "PUT /api/v1/workorder/connection HTTP/1.1" 500 0
2019-08-01 13:58:01,553 [Thread-16:139750606329600]                       [django.server:124] [ERROR]- "PUT /api/v1/workorder/connection HTTP/1.1" 500 0
2019-08-01 13:58:03,991 [Thread-17:139750606329600]                       [django.server:124] [ERROR]- "PUT /api/v1/workorder/connection HTTP/1.1" 500 0
2019-08-01 13:58:06,315 [Thread-19:139750384072448]                       [django.server:124] [INFO]- "OPTIONS /api/v1/query_worklf HTTP/1.1" 200 0
2019-08-01 13:58:06,354 [Thread-18:139750606329600]                       [django.server:124] [ERROR]- "PUT /api/v1/workorder/connection HTTP/1.1" 500 0
2019-08-01 13:58:06,377 [Thread-20:139750384072448]                       [django.server:124] [INFO]- "PUT /api/v1/query_worklf HTTP/1.1" 200 1
2019-08-01 14:29:11,374 [Thread-21:139750384072448]                       [django.server:124] [INFO]- "OPTIONS /api-token-auth/ HTTP/1.1" 200 0
2019-08-01 14:29:11,569 [Thread-22:139750384072448]                       [django.server:124] [INFO]- "POST /api-token-auth/ HTTP/1.1" 200 204
2019-08-01 14:29:11,849 [Thread-23:139750384072448]                       [django.server:124] [INFO]- "OPTIONS /api/v1/homedata/menu HTTP/1.1" 200 0
2019-08-01 14:29:11,864 [Thread-24:139750384072448]                       [django.server:124] [INFO]- "OPTIONS /api/v1/homedata/infocard HTTP/1.1" 200 0
2019-08-01 14:29:11,868 [Thread-25:139750606329600]                       [django.server:124] [INFO]- "OPTIONS /api/v1/homedata/todolist HTTP/1.1" 200 0
2019-08-01 14:29:11,875 [Thread-26:139750384072448]                       [django.server:124] [INFO]- "OPTIONS /api/v1/homedata/messages?username=admin HTTP/1.1" 200 0
2019-08-01 14:29:11,876 [Thread-27:139750606329600]                       [django.server:124] [INFO]- "OPTIONS /api/v1/homedata/pie HTTP/1.1" 200 0
2019-08-01 14:29:12,030 [Thread-28:139750384072448]                       [django.server:124] [INFO]- "GET /api/v1/homedata/menu HTTP/1.1" 200 190
2019-08-01 14:29:12,040 [Thread-30:139750623639296]                       [django.server:124] [INFO]- "GET /api/v1/homedata/infocard HTTP/1.1" 200 9
2019-08-01 14:29:12,102 [Thread-29:139750606329600]                       [django.server:124] [INFO]- "PUT /api/v1/homedata/todolist HTTP/1.1" 200 2
2019-08-01 14:29:12,107 [Thread-32:139750375679744]                       [django.server:124] [INFO]- "GET /api/v1/homedata/pie HTTP/1.1" 200 5
2019-08-01 14:29:12,116 [Thread-31:139750597936896]                       [django.server:124] [INFO]- "GET /api/v1/homedata/messages?username=admin HTTP/1.1" 200 44
